Base path: C:/Program Files/Unity/Hub/Editor/2019.1.8f1/Editor/Data
Cmd: initializeCompiler
Cmd: preprocess
  insize=1100 outsize=1100 ok=1
Cmd: preprocess
  insize=1137 outsize=1137 ok=1
Cmd: preprocess
  insize=1097 outsize=1097 ok=1
Cmd: preprocess
  insize=1076 outsize=1076 ok=1
Cmd: preprocess
  insize=1168 outsize=1168 ok=1
Cmd: preprocess
  insize=1067 outsize=1067 ok=1
Cmd: initializeCompiler
Cmd: compileSnippet
  api=4 type=0 insize=6909 outsize=502 kw= pd=UNITY_ENABLE_REFLECTION_BUFFERS UNITY_USE_DITHER_MASK_FOR_ALPHABLENDED_SHADOWS UNITY_PBS_USE_BRDF1 UNITY_SPECCUBE_BOX_PROJECTION UNITY_SPECCUBE_BLENDING UNITY_ENABLE_DETAIL_NORMALMAP SHADER_API_DESKTOP UNITY_HARDWARE_TIER3 UNITY_LIGHT_PROBE_PROXY_VOLUME UNITY_LIGHTMAP_RGBM_ENCODING ok=1
Cmd: compileSnippet
  api=4 type=1 insize=6909 outsize=1386 kw= pd=UNITY_ENABLE_REFLECTION_BUFFERS UNITY_USE_DITHER_MASK_FOR_ALPHABLENDED_SHADOWS UNITY_PBS_USE_BRDF1 UNITY_SPECCUBE_BOX_PROJECTION UNITY_SPECCUBE_BLENDING UNITY_ENABLE_DETAIL_NORMALMAP SHADER_API_DESKTOP UNITY_HARDWARE_TIER3 UNITY_LIGHT_PROBE_PROXY_VOLUME UNITY_LIGHTMAP_RGBM_ENCODING ok=1
Cmd: compileSnippet
  api=4 type=0 insize=7126 outsize=502 kw= pd=UNITY_ENABLE_REFLECTION_BUFFERS UNITY_USE_DITHER_MASK_FOR_ALPHABLENDED_SHADOWS UNITY_PBS_USE_BRDF1 UNITY_SPECCUBE_BOX_PROJECTION UNITY_SPECCUBE_BLENDING UNITY_ENABLE_DETAIL_NORMALMAP SHADER_API_DESKTOP UNITY_HARDWARE_TIER3 UNITY_LIGHT_PROBE_PROXY_VOLUME UNITY_LIGHTMAP_RGBM_ENCODING ok=1
Cmd: compileSnippet
  api=4 type=1 insize=7126 outsize=1634 kw= pd=UNITY_ENABLE_REFLECTION_BUFFERS UNITY_USE_DITHER_MASK_FOR_ALPHABLENDED_SHADOWS UNITY_PBS_USE_BRDF1 UNITY_SPECCUBE_BOX_PROJECTION UNITY_SPECCUBE_BLENDING UNITY_ENABLE_DETAIL_NORMALMAP SHADER_API_DESKTOP UNITY_HARDWARE_TIER3 UNITY_LIGHT_PROBE_PROXY_VOLUME UNITY_LIGHTMAP_RGBM_ENCODING ok=1
Cmd: compileSnippet
  api=4 type=0 insize=5604 outsize=502 kw= pd=UNITY_ENABLE_REFLECTION_BUFFERS UNITY_USE_DITHER_MASK_FOR_ALPHABLENDED_SHADOWS UNITY_PBS_USE_BRDF1 UNITY_SPECCUBE_BOX_PROJECTION UNITY_SPECCUBE_BLENDING UNITY_ENABLE_DETAIL_NORMALMAP SHADER_API_DESKTOP UNITY_HARDWARE_TIER3 UNITY_LIGHT_PROBE_PROXY_VOLUME UNITY_LIGHTMAP_RGBM_ENCODING ok=1
Cmd: compileSnippet
  api=4 type=1 insize=5604 outsize=3958 kw= pd=UNITY_ENABLE_REFLECTION_BUFFERS UNITY_USE_DITHER_MASK_FOR_ALPHABLENDED_SHADOWS UNITY_PBS_USE_BRDF1 UNITY_SPECCUBE_BOX_PROJECTION UNITY_SPECCUBE_BLENDING UNITY_ENABLE_DETAIL_NORMALMAP SHADER_API_DESKTOP UNITY_HARDWARE_TIER3 UNITY_LIGHT_PROBE_PROXY_VOLUME UNITY_LIGHTMAP_RGBM_ENCODING ok=1
Cmd: compileSnippet
  api=4 type=0 insize=2708 outsize=502 kw= pd=UNITY_ENABLE_REFLECTION_BUFFERS UNITY_USE_DITHER_MASK_FOR_ALPHABLENDED_SHADOWS UNITY_PBS_USE_BRDF1 UNITY_SPECCUBE_BOX_PROJECTION UNITY_SPECCUBE_BLENDING UNITY_ENABLE_DETAIL_NORMALMAP SHADER_API_DESKTOP UNITY_HARDWARE_TIER3 UNITY_LIGHT_PROBE_PROXY_VOLUME UNITY_LIGHTMAP_RGBM_ENCODING ok=1
Cmd: compileSnippet
  api=4 type=1 insize=2708 outsize=2770 kw= pd=UNITY_ENABLE_REFLECTION_BUFFERS UNITY_USE_DITHER_MASK_FOR_ALPHABLENDED_SHADOWS UNITY_PBS_USE_BRDF1 UNITY_SPECCUBE_BOX_PROJECTION UNITY_SPECCUBE_BLENDING UNITY_ENABLE_DETAIL_NORMALMAP SHADER_API_DESKTOP UNITY_HARDWARE_TIER3 UNITY_LIGHT_PROBE_PROXY_VOLUME UNITY_LIGHTMAP_RGBM_ENCODING ok=1
Cmd: compileSnippet
  api=4 type=0 insize=1907 outsize=802 kw= pd=UNITY_ENABLE_REFLECTION_BUFFERS UNITY_USE_DITHER_MASK_FOR_ALPHABLENDED_SHADOWS UNITY_PBS_USE_BRDF1 UNITY_SPECCUBE_BOX_PROJECTION UNITY_SPECCUBE_BLENDING UNITY_ENABLE_DETAIL_NORMALMAP SHADER_API_DESKTOP UNITY_HARDWARE_TIER3 UNITY_LIGHT_PROBE_PROXY_VOLUME UNITY_LIGHTMAP_RGBM_ENCODING ok=1
Cmd: compileSnippet
  api=4 type=1 insize=1907 outsize=646 kw= pd=UNITY_ENABLE_REFLECTION_BUFFERS UNITY_USE_DITHER_MASK_FOR_ALPHABLENDED_SHADOWS UNITY_PBS_USE_BRDF1 UNITY_SPECCUBE_BOX_PROJECTION UNITY_SPECCUBE_BLENDING UNITY_ENABLE_DETAIL_NORMALMAP SHADER_API_DESKTOP UNITY_HARDWARE_TIER3 UNITY_LIGHT_PROBE_PROXY_VOLUME UNITY_LIGHTMAP_RGBM_ENCODING ok=1
Cmd: compileSnippet
  api=4 type=0 insize=12380 outsize=402 kw=_ENABLE_SUN_DISK pd=UNITY_ENABLE_REFLECTION_BUFFERS UNITY_USE_DITHER_MASK_FOR_ALPHABLENDED_SHADOWS UNITY_PBS_USE_BRDF1 UNITY_SPECCUBE_BOX_PROJECTION UNITY_SPECCUBE_BLENDING UNITY_ENABLE_DETAIL_NORMALMAP SHADER_API_DESKTOP UNITY_HARDWARE_TIER3 UNITY_LIGHT_PROBE_PROXY_VOLUME UNITY_LIGHTMAP_RGBM_ENCODING ok=1
Cmd: compileSnippet
  api=4 type=1 insize=12380 outsize=5130 kw=_ENABLE_SUN_DISK pd=UNITY_ENABLE_REFLECTION_BUFFERS UNITY_USE_DITHER_MASK_FOR_ALPHABLENDED_SHADOWS UNITY_PBS_USE_BRDF1 UNITY_SPECCUBE_BOX_PROJECTION UNITY_SPECCUBE_BLENDING UNITY_ENABLE_DETAIL_NORMALMAP SHADER_API_DESKTOP UNITY_HARDWARE_TIER3 UNITY_LIGHT_PROBE_PROXY_VOLUME UNITY_LIGHTMAP_RGBM_ENCODING ok=1
Cmd: compileSnippet
  api=4 type=0 insize=3691 outsize=402 kw= pd=UNITY_ENABLE_REFLECTION_BUFFERS UNITY_USE_DITHER_MASK_FOR_ALPHABLENDED_SHADOWS UNITY_PBS_USE_BRDF1 UNITY_SPECCUBE_BOX_PROJECTION UNITY_SPECCUBE_BLENDING UNITY_ENABLE_DETAIL_NORMALMAP SHADER_API_DESKTOP UNITY_HARDWARE_TIER3 UNITY_LIGHT_PROBE_PROXY_VOLUME UNITY_LIGHTMAP_RGBM_ENCODING ok=1
Cmd: compileSnippet
  api=4 type=1 insize=3691 outsize=2214 kw= pd=UNITY_ENABLE_REFLECTION_BUFFERS UNITY_USE_DITHER_MASK_FOR_ALPHABLENDED_SHADOWS UNITY_PBS_USE_BRDF1 UNITY_SPECCUBE_BOX_PROJECTION UNITY_SPECCUBE_BLENDING UNITY_ENABLE_DETAIL_NORMALMAP SHADER_API_DESKTOP UNITY_HARDWARE_TIER3 UNITY_LIGHT_PROBE_PROXY_VOLUME UNITY_LIGHTMAP_RGBM_ENCODING ok=1
Cmd: compileSnippet
  api=4 type=0 insize=6312 outsize=810 kw=UNITY_PASS_SHADOWCASTER _NORMALMAP pd=UNITY_ENABLE_REFLECTION_BUFFERS UNITY_USE_DITHER_MASK_FOR_ALPHABLENDED_SHADOWS UNITY_PBS_USE_BRDF1 UNITY_SPECCUBE_BOX_PROJECTION UNITY_SPECCUBE_BLENDING UNITY_ENABLE_DETAIL_NORMALMAP SHADER_API_DESKTOP UNITY_HARDWARE_TIER3 UNITY_LIGHT_PROBE_PROXY_VOLUME UNITY_LIGHTMAP_RGBM_ENCODING ok=1
Cmd: compileSnippet
  api=4 type=1 insize=6312 outsize=142 kw=UNITY_PASS_SHADOWCASTER _NORMALMAP pd=UNITY_ENABLE_REFLECTION_BUFFERS UNITY_USE_DITHER_MASK_FOR_ALPHABLENDED_SHADOWS UNITY_PBS_USE_BRDF1 UNITY_SPECCUBE_BOX_PROJECTION UNITY_SPECCUBE_BLENDING UNITY_ENABLE_DETAIL_NORMALMAP SHADER_API_DESKTOP UNITY_HARDWARE_TIER3 UNITY_LIGHT_PROBE_PROXY_VOLUME UNITY_LIGHTMAP_RGBM_ENCODING ok=1
Cmd: compileSnippet
  api=4 type=0 insize=2472 outsize=650 kw= pd=UNITY_ENABLE_REFLECTION_BUFFERS UNITY_USE_DITHER_MASK_FOR_ALPHABLENDED_SHADOWS UNITY_PBS_USE_BRDF1 UNITY_SPECCUBE_BOX_PROJECTION UNITY_SPECCUBE_BLENDING UNITY_ENABLE_DETAIL_NORMALMAP SHADER_API_DESKTOP UNITY_HARDWARE_TIER3 UNITY_LIGHT_PROBE_PROXY_VOLUME UNITY_LIGHTMAP_RGBM_ENCODING ok=1
Cmd: compileSnippet
  api=4 type=1 insize=2472 outsize=1806 kw= pd=UNITY_ENABLE_REFLECTION_BUFFERS UNITY_USE_DITHER_MASK_FOR_ALPHABLENDED_SHADOWS UNITY_PBS_USE_BRDF1 UNITY_SPECCUBE_BOX_PROJECTION UNITY_SPECCUBE_BLENDING UNITY_ENABLE_DETAIL_NORMALMAP SHADER_API_DESKTOP UNITY_HARDWARE_TIER3 UNITY_LIGHT_PROBE_PROXY_VOLUME UNITY_LIGHTMAP_RGBM_ENCODING ok=1
Cmd: compileSnippet
  api=4 type=0 insize=6312 outsize=810 kw=UNITY_PASS_SHADOWCASTER pd=UNITY_ENABLE_REFLECTION_BUFFERS UNITY_USE_DITHER_MASK_FOR_ALPHABLENDED_SHADOWS UNITY_PBS_USE_BRDF1 UNITY_SPECCUBE_BOX_PROJECTION UNITY_SPECCUBE_BLENDING UNITY_ENABLE_DETAIL_NORMALMAP SHADER_API_DESKTOP UNITY_HARDWARE_TIER3 UNITY_LIGHT_PROBE_PROXY_VOLUME UNITY_LIGHTMAP_RGBM_ENCODING ok=1
Cmd: compileSnippet
  api=4 type=1 insize=6312 outsize=142 kw=UNITY_PASS_SHADOWCASTER pd=UNITY_ENABLE_REFLECTION_BUFFERS UNITY_USE_DITHER_MASK_FOR_ALPHABLENDED_SHADOWS UNITY_PBS_USE_BRDF1 UNITY_SPECCUBE_BOX_PROJECTION UNITY_SPECCUBE_BLENDING UNITY_ENABLE_DETAIL_NORMALMAP SHADER_API_DESKTOP UNITY_HARDWARE_TIER3 UNITY_LIGHT_PROBE_PROXY_VOLUME UNITY_LIGHTMAP_RGBM_ENCODING ok=1
Cmd: compileSnippet
  api=4 type=0 insize=6312 outsize=810 kw=UNITY_PASS_SHADOWCASTER _NORMALMAP_TANGENT_SPACE _NORMALMAP _MASKMAP _MATERIAL_FEATURE_SPECULAR_COLOR pd=UNITY_ENABLE_REFLECTION_BUFFERS UNITY_USE_DITHER_MASK_FOR_ALPHABLENDED_SHADOWS UNITY_PBS_USE_BRDF1 UNITY_SPECCUBE_BOX_PROJECTION UNITY_SPECCUBE_BLENDING UNITY_ENABLE_DETAIL_NORMALMAP SHADER_API_DESKTOP UNITY_HARDWARE_TIER3 UNITY_LIGHT_PROBE_PROXY_VOLUME UNITY_LIGHTMAP_RGBM_ENCODING ok=1
Cmd: compileSnippet
  api=4 type=1 insize=6312 outsize=142 kw=UNITY_PASS_SHADOWCASTER _NORMALMAP_TANGENT_SPACE _NORMALMAP _MASKMAP _MATERIAL_FEATURE_SPECULAR_COLOR pd=UNITY_ENABLE_REFLECTION_BUFFERS UNITY_USE_DITHER_MASK_FOR_ALPHABLENDED_SHADOWS UNITY_PBS_USE_BRDF1 UNITY_SPECCUBE_BOX_PROJECTION UNITY_SPECCUBE_BLENDING UNITY_ENABLE_DETAIL_NORMALMAP SHADER_API_DESKTOP UNITY_HARDWARE_TIER3 UNITY_LIGHT_PROBE_PROXY_VOLUME UNITY_LIGHTMAP_RGBM_ENCODING ok=1
Cmd: compileSnippet
  api=4 type=0 insize=7264 outsize=1670 kw=DECALS_3RT _NORMALMAP_TANGENT_SPACE _NORMALMAP _MASKMAP _MATERIAL_FEATURE_SPECULAR_COLOR pd=UNITY_ENABLE_REFLECTION_BUFFERS UNITY_USE_DITHER_MASK_FOR_ALPHABLENDED_SHADOWS UNITY_PBS_USE_BRDF1 UNITY_SPECCUBE_BOX_PROJECTION UNITY_SPECCUBE_BLENDING UNITY_ENABLE_DETAIL_NORMALMAP SHADER_API_DESKTOP UNITY_HARDWARE_TIER3 UNITY_LIGHT_PROBE_PROXY_VOLUME UNITY_LIGHTMAP_RGBM_ENCODING ok=1
Cmd: compileSnippet
  api=4 type=1 insize=7264 outsize=7722 kw=DECALS_3RT _NORMALMAP_TANGENT_SPACE _NORMALMAP _MASKMAP _MATERIAL_FEATURE_SPECULAR_COLOR pd=UNITY_ENABLE_REFLECTION_BUFFERS UNITY_USE_DITHER_MASK_FOR_ALPHABLENDED_SHADOWS UNITY_PBS_USE_BRDF1 UNITY_SPECCUBE_BOX_PROJECTION UNITY_SPECCUBE_BLENDING UNITY_ENABLE_DETAIL_NORMALMAP SHADER_API_DESKTOP UNITY_HARDWARE_TIER3 UNITY_LIGHT_PROBE_PROXY_VOLUME UNITY_LIGHTMAP_RGBM_ENCODING ok=1
Cmd: compileSnippet
  api=4 type=0 insize=6312 outsize=810 kw=UNITY_PASS_SHADOWCASTER _NORMALMAP_TANGENT_SPACE _MATERIAL_FEATURE_SPECULAR_COLOR pd=UNITY_ENABLE_REFLECTION_BUFFERS UNITY_USE_DITHER_MASK_FOR_ALPHABLENDED_SHADOWS UNITY_PBS_USE_BRDF1 UNITY_SPECCUBE_BOX_PROJECTION UNITY_SPECCUBE_BLENDING UNITY_ENABLE_DETAIL_NORMALMAP SHADER_API_DESKTOP UNITY_HARDWARE_TIER3 UNITY_LIGHT_PROBE_PROXY_VOLUME UNITY_LIGHTMAP_RGBM_ENCODING ok=1
Cmd: compileSnippet
  api=4 type=1 insize=6312 outsize=142 kw=UNITY_PASS_SHADOWCASTER _NORMALMAP_TANGENT_SPACE _MATERIAL_FEATURE_SPECULAR_COLOR pd=UNITY_ENABLE_REFLECTION_BUFFERS UNITY_USE_DITHER_MASK_FOR_ALPHABLENDED_SHADOWS UNITY_PBS_USE_BRDF1 UNITY_SPECCUBE_BOX_PROJECTION UNITY_SPECCUBE_BLENDING UNITY_ENABLE_DETAIL_NORMALMAP SHADER_API_DESKTOP UNITY_HARDWARE_TIER3 UNITY_LIGHT_PROBE_PROXY_VOLUME UNITY_LIGHTMAP_RGBM_ENCODING ok=1
Cmd: compileSnippet
  api=4 type=0 insize=7264 outsize=1670 kw=DECALS_3RT _NORMALMAP_TANGENT_SPACE _MATERIAL_FEATURE_SPECULAR_COLOR pd=UNITY_ENABLE_REFLECTION_BUFFERS UNITY_USE_DITHER_MASK_FOR_ALPHABLENDED_SHADOWS UNITY_PBS_USE_BRDF1 UNITY_SPECCUBE_BOX_PROJECTION UNITY_SPECCUBE_BLENDING UNITY_ENABLE_DETAIL_NORMALMAP SHADER_API_DESKTOP UNITY_HARDWARE_TIER3 UNITY_LIGHT_PROBE_PROXY_VOLUME UNITY_LIGHTMAP_RGBM_ENCODING ok=1
Cmd: compileSnippet
  api=4 type=1 insize=7264 outsize=5470 kw=DECALS_3RT _NORMALMAP_TANGENT_SPACE _MATERIAL_FEATURE_SPECULAR_COLOR pd=UNITY_ENABLE_REFLECTION_BUFFERS UNITY_USE_DITHER_MASK_FOR_ALPHABLENDED_SHADOWS UNITY_PBS_USE_BRDF1 UNITY_SPECCUBE_BOX_PROJECTION UNITY_SPECCUBE_BLENDING UNITY_ENABLE_DETAIL_NORMALMAP SHADER_API_DESKTOP UNITY_HARDWARE_TIER3 UNITY_LIGHT_PROBE_PROXY_VOLUME UNITY_LIGHTMAP_RGBM_ENCODING ok=1
Cmd: compileSnippet
  api=4 type=0 insize=6312 outsize=810 kw=UNITY_PASS_SHADOWCASTER _SURFACE_TYPE_TRANSPARENT _NORMALMAP_TANGENT_SPACE _MASKMAP _BLENDMODE_ALPHA _ENABLE_FOG_ON_TRANSPARENT _MATERIAL_FEATURE_SPECULAR_COLOR pd=UNITY_ENABLE_REFLECTION_BUFFERS UNITY_USE_DITHER_MASK_FOR_ALPHABLENDED_SHADOWS UNITY_PBS_USE_BRDF1 UNITY_SPECCUBE_BOX_PROJECTION UNITY_SPECCUBE_BLENDING UNITY_ENABLE_DETAIL_NORMALMAP SHADER_API_DESKTOP UNITY_HARDWARE_TIER3 UNITY_LIGHT_PROBE_PROXY_VOLUME UNITY_LIGHTMAP_RGBM_ENCODING ok=1
Cmd: compileSnippet
  api=4 type=1 insize=6312 outsize=142 kw=UNITY_PASS_SHADOWCASTER _SURFACE_TYPE_TRANSPARENT _NORMALMAP_TANGENT_SPACE _MASKMAP _BLENDMODE_ALPHA _ENABLE_FOG_ON_TRANSPARENT _MATERIAL_FEATURE_SPECULAR_COLOR pd=UNITY_ENABLE_REFLECTION_BUFFERS UNITY_USE_DITHER_MASK_FOR_ALPHABLENDED_SHADOWS UNITY_PBS_USE_BRDF1 UNITY_SPECCUBE_BOX_PROJECTION UNITY_SPECCUBE_BLENDING UNITY_ENABLE_DETAIL_NORMALMAP SHADER_API_DESKTOP UNITY_HARDWARE_TIER3 UNITY_LIGHT_PROBE_PROXY_VOLUME UNITY_LIGHTMAP_RGBM_ENCODING ok=1
Cmd: compileSnippet
  api=4 type=0 insize=7264 outsize=1670 kw=_SURFACE_TYPE_TRANSPARENT DECALS_3RT _NORMALMAP_TANGENT_SPACE _MASKMAP _BLENDMODE_ALPHA _ENABLE_FOG_ON_TRANSPARENT _MATERIAL_FEATURE_SPECULAR_COLOR pd=UNITY_ENABLE_REFLECTION_BUFFERS UNITY_USE_DITHER_MASK_FOR_ALPHABLENDED_SHADOWS UNITY_PBS_USE_BRDF1 UNITY_SPECCUBE_BOX_PROJECTION UNITY_SPECCUBE_BLENDING UNITY_ENABLE_DETAIL_NORMALMAP SHADER_API_DESKTOP UNITY_HARDWARE_TIER3 UNITY_LIGHT_PROBE_PROXY_VOLUME UNITY_LIGHTMAP_RGBM_ENCODING ok=1
Cmd: compileSnippet
  api=4 type=1 insize=7264 outsize=6006 kw=_SURFACE_TYPE_TRANSPARENT DECALS_3RT _NORMALMAP_TANGENT_SPACE _MASKMAP _BLENDMODE_ALPHA _ENABLE_FOG_ON_TRANSPARENT _MATERIAL_FEATURE_SPECULAR_COLOR pd=UNITY_ENABLE_REFLECTION_BUFFERS UNITY_USE_DITHER_MASK_FOR_ALPHABLENDED_SHADOWS UNITY_PBS_USE_BRDF1 UNITY_SPECCUBE_BOX_PROJECTION UNITY_SPECCUBE_BLENDING UNITY_ENABLE_DETAIL_NORMALMAP SHADER_API_DESKTOP UNITY_HARDWARE_TIER3 UNITY_LIGHT_PROBE_PROXY_VOLUME UNITY_LIGHTMAP_RGBM_ENCODING ok=1
Cmd: compileSnippet
  api=4 type=0 insize=7264 outsize=1670 kw=DECALS_3RT _NORMALMAP_TANGENT_SPACE pd=UNITY_ENABLE_REFLECTION_BUFFERS UNITY_USE_DITHER_MASK_FOR_ALPHABLENDED_SHADOWS UNITY_PBS_USE_BRDF1 UNITY_SPECCUBE_BOX_PROJECTION UNITY_SPECCUBE_BLENDING UNITY_ENABLE_DETAIL_NORMALMAP SHADER_API_DESKTOP UNITY_HARDWARE_TIER3 UNITY_LIGHT_PROBE_PROXY_VOLUME UNITY_LIGHTMAP_RGBM_ENCODING ok=1
Cmd: compileSnippet
  api=4 type=1 insize=7264 outsize=5478 kw=DECALS_3RT _NORMALMAP_TANGENT_SPACE pd=UNITY_ENABLE_REFLECTION_BUFFERS UNITY_USE_DITHER_MASK_FOR_ALPHABLENDED_SHADOWS UNITY_PBS_USE_BRDF1 UNITY_SPECCUBE_BOX_PROJECTION UNITY_SPECCUBE_BLENDING UNITY_ENABLE_DETAIL_NORMALMAP SHADER_API_DESKTOP UNITY_HARDWARE_TIER3 UNITY_LIGHT_PROBE_PROXY_VOLUME UNITY_LIGHTMAP_RGBM_ENCODING ok=1
Cmd: compileSnippet
  api=4 type=0 insize=6312 outsize=810 kw=UNITY_PASS_SHADOWCASTER _NORMALMAP_TANGENT_SPACE _EMISSIVE_COLOR_MAP _MATERIAL_FEATURE_SPECULAR_COLOR pd=UNITY_ENABLE_REFLECTION_BUFFERS UNITY_USE_DITHER_MASK_FOR_ALPHABLENDED_SHADOWS UNITY_PBS_USE_BRDF1 UNITY_SPECCUBE_BOX_PROJECTION UNITY_SPECCUBE_BLENDING UNITY_ENABLE_DETAIL_NORMALMAP SHADER_API_DESKTOP UNITY_HARDWARE_TIER3 UNITY_LIGHT_PROBE_PROXY_VOLUME UNITY_LIGHTMAP_RGBM_ENCODING ok=1
Cmd: compileSnippet
  api=4 type=1 insize=6312 outsize=142 kw=UNITY_PASS_SHADOWCASTER _NORMALMAP_TANGENT_SPACE _EMISSIVE_COLOR_MAP _MATERIAL_FEATURE_SPECULAR_COLOR pd=UNITY_ENABLE_REFLECTION_BUFFERS UNITY_USE_DITHER_MASK_FOR_ALPHABLENDED_SHADOWS UNITY_PBS_USE_BRDF1 UNITY_SPECCUBE_BOX_PROJECTION UNITY_SPECCUBE_BLENDING UNITY_ENABLE_DETAIL_NORMALMAP SHADER_API_DESKTOP UNITY_HARDWARE_TIER3 UNITY_LIGHT_PROBE_PROXY_VOLUME UNITY_LIGHTMAP_RGBM_ENCODING ok=1
Cmd: compileSnippet
  api=4 type=0 insize=7264 outsize=1670 kw=DECALS_3RT _NORMALMAP_TANGENT_SPACE _EMISSIVE_COLOR_MAP _MATERIAL_FEATURE_SPECULAR_COLOR pd=UNITY_ENABLE_REFLECTION_BUFFERS UNITY_USE_DITHER_MASK_FOR_ALPHABLENDED_SHADOWS UNITY_PBS_USE_BRDF1 UNITY_SPECCUBE_BOX_PROJECTION UNITY_SPECCUBE_BLENDING UNITY_ENABLE_DETAIL_NORMALMAP SHADER_API_DESKTOP UNITY_HARDWARE_TIER3 UNITY_LIGHT_PROBE_PROXY_VOLUME UNITY_LIGHTMAP_RGBM_ENCODING ok=1
Cmd: compileSnippet
  api=4 type=1 insize=7264 outsize=5670 kw=DECALS_3RT _NORMALMAP_TANGENT_SPACE _EMISSIVE_COLOR_MAP _MATERIAL_FEATURE_SPECULAR_COLOR pd=UNITY_ENABLE_REFLECTION_BUFFERS UNITY_USE_DITHER_MASK_FOR_ALPHABLENDED_SHADOWS UNITY_PBS_USE_BRDF1 UNITY_SPECCUBE_BOX_PROJECTION UNITY_SPECCUBE_BLENDING UNITY_ENABLE_DETAIL_NORMALMAP SHADER_API_DESKTOP UNITY_HARDWARE_TIER3 UNITY_LIGHT_PROBE_PROXY_VOLUME UNITY_LIGHTMAP_RGBM_ENCODING ok=1
Cmd: compileSnippet
  api=4 type=0 insize=6312 outsize=810 kw=UNITY_PASS_SHADOWCASTER _SURFACE_TYPE_TRANSPARENT _NORMALMAP_TANGENT_SPACE _BLENDMODE_ALPHA _ENABLE_FOG_ON_TRANSPARENT _MATERIAL_FEATURE_SPECULAR_COLOR pd=UNITY_ENABLE_REFLECTION_BUFFERS UNITY_USE_DITHER_MASK_FOR_ALPHABLENDED_SHADOWS UNITY_PBS_USE_BRDF1 UNITY_SPECCUBE_BOX_PROJECTION UNITY_SPECCUBE_BLENDING UNITY_ENABLE_DETAIL_NORMALMAP SHADER_API_DESKTOP UNITY_HARDWARE_TIER3 UNITY_LIGHT_PROBE_PROXY_VOLUME UNITY_LIGHTMAP_RGBM_ENCODING ok=1
Cmd: compileSnippet
  api=4 type=1 insize=6312 outsize=142 kw=UNITY_PASS_SHADOWCASTER _SURFACE_TYPE_TRANSPARENT _NORMALMAP_TANGENT_SPACE _BLENDMODE_ALPHA _ENABLE_FOG_ON_TRANSPARENT _MATERIAL_FEATURE_SPECULAR_COLOR pd=UNITY_ENABLE_REFLECTION_BUFFERS UNITY_USE_DITHER_MASK_FOR_ALPHABLENDED_SHADOWS UNITY_PBS_USE_BRDF1 UNITY_SPECCUBE_BOX_PROJECTION UNITY_SPECCUBE_BLENDING UNITY_ENABLE_DETAIL_NORMALMAP SHADER_API_DESKTOP UNITY_HARDWARE_TIER3 UNITY_LIGHT_PROBE_PROXY_VOLUME UNITY_LIGHTMAP_RGBM_ENCODING ok=1
Cmd: compileSnippet
  api=4 type=0 insize=7264 outsize=1670 kw=_SURFACE_TYPE_TRANSPARENT DECALS_3RT _NORMALMAP_TANGENT_SPACE _BLENDMODE_ALPHA _ENABLE_FOG_ON_TRANSPARENT _MATERIAL_FEATURE_SPECULAR_COLOR pd=UNITY_ENABLE_REFLECTION_BUFFERS UNITY_USE_DITHER_MASK_FOR_ALPHABLENDED_SHADOWS UNITY_PBS_USE_BRDF1 UNITY_SPECCUBE_BOX_PROJECTION UNITY_SPECCUBE_BLENDING UNITY_ENABLE_DETAIL_NORMALMAP SHADER_API_DESKTOP UNITY_HARDWARE_TIER3 UNITY_LIGHT_PROBE_PROXY_VOLUME UNITY_LIGHTMAP_RGBM_ENCODING ok=1
Cmd: compileSnippet
  api=4 type=1 insize=7264 outsize=5470 kw=_SURFACE_TYPE_TRANSPARENT DECALS_3RT _NORMALMAP_TANGENT_SPACE _BLENDMODE_ALPHA _ENABLE_FOG_ON_TRANSPARENT _MATERIAL_FEATURE_SPECULAR_COLOR pd=UNITY_ENABLE_REFLECTION_BUFFERS UNITY_USE_DITHER_MASK_FOR_ALPHABLENDED_SHADOWS UNITY_PBS_USE_BRDF1 UNITY_SPECCUBE_BOX_PROJECTION UNITY_SPECCUBE_BLENDING UNITY_ENABLE_DETAIL_NORMALMAP SHADER_API_DESKTOP UNITY_HARDWARE_TIER3 UNITY_LIGHT_PROBE_PROXY_VOLUME UNITY_LIGHTMAP_RGBM_ENCODING ok=1
Cmd: compileSnippet
  api=4 type=0 insize=2294 outsize=1574 kw=DECALS_3RT _TERRAIN_INSTANCED_PERPIXEL_NORMAL pd=UNITY_ENABLE_REFLECTION_BUFFERS UNITY_USE_DITHER_MASK_FOR_ALPHABLENDED_SHADOWS UNITY_PBS_USE_BRDF1 UNITY_SPECCUBE_BOX_PROJECTION UNITY_SPECCUBE_BLENDING UNITY_ENABLE_DETAIL_NORMALMAP SHADER_API_DESKTOP UNITY_HARDWARE_TIER3 UNITY_LIGHT_PROBE_PROXY_VOLUME UNITY_LIGHTMAP_RGBM_ENCODING ok=1
Cmd: compileSnippet
  api=4 type=1 insize=2294 outsize=6706 kw=DECALS_3RT _TERRAIN_INSTANCED_PERPIXEL_NORMAL pd=UNITY_ENABLE_REFLECTION_BUFFERS UNITY_USE_DITHER_MASK_FOR_ALPHABLENDED_SHADOWS UNITY_PBS_USE_BRDF1 UNITY_SPECCUBE_BOX_PROJECTION UNITY_SPECCUBE_BLENDING UNITY_ENABLE_DETAIL_NORMALMAP SHADER_API_DESKTOP UNITY_HARDWARE_TIER3 UNITY_LIGHT_PROBE_PROXY_VOLUME UNITY_LIGHTMAP_RGBM_ENCODING ok=1
Cmd: compileSnippet
  api=4 type=0 insize=3168 outsize=810 kw= pd=UNITY_ENABLE_REFLECTION_BUFFERS UNITY_USE_DITHER_MASK_FOR_ALPHABLENDED_SHADOWS UNITY_PBS_USE_BRDF1 UNITY_SPECCUBE_BOX_PROJECTION UNITY_SPECCUBE_BLENDING UNITY_ENABLE_DETAIL_NORMALMAP SHADER_API_DESKTOP UNITY_HARDWARE_TIER3 UNITY_LIGHT_PROBE_PROXY_VOLUME UNITY_LIGHTMAP_RGBM_ENCODING ok=1
Cmd: compileSnippet
  api=4 type=1 insize=3168 outsize=142 kw= pd=UNITY_ENABLE_REFLECTION_BUFFERS UNITY_USE_DITHER_MASK_FOR_ALPHABLENDED_SHADOWS UNITY_PBS_USE_BRDF1 UNITY_SPECCUBE_BOX_PROJECTION UNITY_SPECCUBE_BLENDING UNITY_ENABLE_DETAIL_NORMALMAP SHADER_API_DESKTOP UNITY_HARDWARE_TIER3 UNITY_LIGHT_PROBE_PROXY_VOLUME UNITY_LIGHTMAP_RGBM_ENCODING ok=1
Cmd: compileSnippet
  api=4 type=0 insize=3277 outsize=922 kw= pd=UNITY_ENABLE_REFLECTION_BUFFERS UNITY_USE_DITHER_MASK_FOR_ALPHABLENDED_SHADOWS UNITY_PBS_USE_BRDF1 UNITY_SPECCUBE_BOX_PROJECTION UNITY_SPECCUBE_BLENDING UNITY_ENABLE_DETAIL_NORMALMAP SHADER_API_DESKTOP UNITY_HARDWARE_TIER3 UNITY_LIGHT_PROBE_PROXY_VOLUME UNITY_LIGHTMAP_RGBM_ENCODING ok=1
Cmd: compileSnippet
  api=4 type=1 insize=3277 outsize=790 kw= pd=UNITY_ENABLE_REFLECTION_BUFFERS UNITY_USE_DITHER_MASK_FOR_ALPHABLENDED_SHADOWS UNITY_PBS_USE_BRDF1 UNITY_SPECCUBE_BOX_PROJECTION UNITY_SPECCUBE_BLENDING UNITY_ENABLE_DETAIL_NORMALMAP SHADER_API_DESKTOP UNITY_HARDWARE_TIER3 UNITY_LIGHT_PROBE_PROXY_VOLUME UNITY_LIGHTMAP_RGBM_ENCODING ok=1
Cmd: preprocessCompute
  insize=4809 outsize=4811 ok=1
Cmd: preprocessCompute
  insize=3598 outsize=3600 ok=1
Cmd: preprocess
  insize=10130 outsize=429 ok=1
Cmd: preprocessCompute
  insize=1626 outsize=1628 ok=1
Cmd: preprocessCompute
  insize=4828 outsize=4830 ok=1
Cmd: compileComputeKernel
  api=4 insize=4830 outsize=2269 ok=1
Cmd: preprocessCompute
  insize=3598 outsize=3600 ok=1
Cmd: preprocess
  insize=10130 outsize=429 ok=1
Cmd: preprocessCompute
  insize=1626 outsize=1628 ok=1
Cmd: preprocessCompute
  insize=4832 outsize=4834 ok=1
Cmd: preprocessCompute
  insize=3604 outsize=3606 ok=1
Cmd: preprocess
  insize=10134 outsize=429 ok=1
Cmd: preprocessCompute
  insize=1627 outsize=1629 ok=1
Cmd: preprocessCompute
  insize=5873 outsize=5875 ok=1
Cmd: compileComputeKernel
  api=4 insize=5875 outsize=2369 ok=1
Cmd: preprocessCompute
  insize=3604 outsize=3606 ok=1
Cmd: compileComputeKernel
  api=4 insize=3606 outsize=1541 ok=1
Cmd: preprocess
  insize=10428 outsize=429 ok=1
Cmd: preprocessCompute
  insize=1627 outsize=1629 ok=1
Cmd: preprocessCompute
  insize=5312 outsize=5314 ok=1
Cmd: compileComputeKernel
  api=4 insize=5314 outsize=2333 ok=1
Cmd: preprocessCompute
  insize=3604 outsize=3606 ok=1
Cmd: preprocess
  insize=10232 outsize=429 ok=1
Cmd: preprocessCompute
  insize=1627 outsize=1629 ok=1
Cmd: preprocessCompute
  insize=5399 outsize=5401 ok=1
Cmd: preprocessCompute
  insize=3604 outsize=3606 ok=1
Cmd: preprocess
  insize=10232 outsize=429 ok=1
Cmd: preprocessCompute
  insize=1627 outsize=1629 ok=1
Cmd: preprocessCompute
  insize=5395 outsize=5397 ok=1
Cmd: preprocessCompute
  insize=3600 outsize=3602 ok=1
Cmd: compileComputeKernel
  api=4 insize=3602 outsize=1545 ok=1
Cmd: preprocess
  insize=15396 outsize=427 ok=1
Cmd: preprocessCompute
  insize=1627 outsize=1629 ok=1
Cmd: preprocessCompute
  insize=5395 outsize=5397 ok=1
Cmd: preprocessCompute
  insize=3600 outsize=3602 ok=1
Cmd: preprocess
  insize=15467 outsize=428 ok=1
Cmd: preprocessCompute
  insize=1627 outsize=1629 ok=1
Cmd: preprocessCompute
  insize=5395 outsize=5397 ok=1
Cmd: preprocessCompute
  insize=3600 outsize=3602 ok=1
Cmd: preprocess
  insize=15467 outsize=428 ok=1
Cmd: preprocessCompute
  insize=1627 outsize=1629 ok=1
Cmd: preprocessCompute
  insize=5395 outsize=5397 ok=1
Cmd: preprocessCompute
  insize=3600 outsize=3602 ok=1
Cmd: preprocess
  insize=15467 outsize=428 ok=1
Cmd: preprocessCompute
  insize=1627 outsize=1629 ok=1
Cmd: preprocessCompute
  insize=5395 outsize=5397 ok=1
Cmd: preprocessCompute
  insize=3600 outsize=3602 ok=1
Cmd: preprocess
  insize=15691 outsize=429 ok=1
Cmd: preprocessCompute
  insize=1627 outsize=1629 ok=1
Cmd: preprocessCompute
  insize=5395 outsize=5397 ok=1
Cmd: preprocessCompute
  insize=3600 outsize=3602 ok=1
Cmd: preprocess
  insize=15911 outsize=429 ok=1
Cmd: preprocessCompute
  insize=1627 outsize=1629 ok=1
Cmd: preprocessCompute
  insize=5621 outsize=5623 ok=1
Cmd: compileComputeKernel
  api=4 insize=5623 outsize=2605 ok=1
Cmd: preprocessCompute
  insize=4226 outsize=4228 ok=1
Cmd: preprocess
  insize=16009 outsize=429 ok=1
Cmd: preprocessCompute
  insize=1627 outsize=1629 ok=1
Cmd: preprocessCompute
  insize=5621 outsize=5623 ok=1
Cmd: preprocessCompute
  insize=4226 outsize=4228 ok=1
Cmd: preprocess
  insize=16918 outsize=429 ok=1
Cmd: preprocessCompute
  insize=1627 outsize=1629 ok=1
Cmd: preprocessCompute
  insize=5625 outsize=5627 ok=1
Cmd: preprocessCompute
  insize=4230 outsize=4232 ok=1
Cmd: preprocess
  insize=17765 outsize=429 ok=1
Cmd: preprocessCompute
  insize=1627 outsize=1629 ok=1
Cmd: preprocessCompute
  insize=5625 outsize=5627 ok=1
Cmd: preprocessCompute
  insize=4230 outsize=4232 ok=1
Cmd: preprocess
  insize=17765 outsize=429 ok=1
Cmd: preprocessCompute
  insize=1627 outsize=1629 ok=1
Cmd: preprocessCompute
  insize=5625 outsize=5627 ok=1
Cmd: preprocessCompute
  insize=4739 outsize=4741 ok=1
Cmd: compileComputeKernel
  api=4 insize=4741 outsize=1773 ok=1
Cmd: preprocess
  insize=17765 outsize=429 ok=1
Cmd: preprocessCompute
  insize=1627 outsize=1629 ok=1
Cmd: preprocessCompute
  insize=5625 outsize=5627 ok=1
Cmd: preprocessCompute
  insize=4828 outsize=4830 ok=1
Cmd: compileComputeKernel
  api=4 insize=4830 outsize=1901 ok=1
Cmd: preprocess
  insize=17765 outsize=429 ok=1
Cmd: preprocessCompute
  insize=1627 outsize=1629 ok=1
Cmd: preprocessCompute
  insize=5625 outsize=5627 ok=1
Cmd: preprocessCompute
  insize=5184 outsize=5186 ok=1
Cmd: compileComputeKernel
  api=4 insize=5186 outsize=2049 ok=1
Cmd: preprocess
  insize=17765 outsize=429 ok=1
Cmd: preprocessCompute
  insize=1627 outsize=1629 ok=1
Cmd: preprocessCompute
  insize=5625 outsize=5627 ok=1
Cmd: preprocessCompute
  insize=5617 outsize=5619 ok=1
Cmd: compileComputeKernel
  error: 1 plat 4 at Effect.vfx(60): comma expression used where a vector constructor may have been intended
  api=4 insize=5619 outsize=2041 ok=1
Cmd: preprocess
  insize=17765 outsize=429 ok=1
Cmd: preprocessCompute
  insize=1627 outsize=1629 ok=1
Cmd: preprocessCompute
  insize=5625 outsize=5627 ok=1
Cmd: preprocessCompute
  insize=5617 outsize=5619 ok=1
Cmd: preprocess
  insize=17723 outsize=429 ok=1
Cmd: preprocessCompute
  insize=1627 outsize=1629 ok=1
Cmd: preprocessCompute
  insize=5625 outsize=5627 ok=1
Cmd: preprocessCompute
  insize=5617 outsize=5619 ok=1
Cmd: preprocess
  insize=18282 outsize=429 ok=1
Cmd: preprocessCompute
  insize=1627 outsize=1629 ok=1
Cmd: preprocessCompute
  insize=5625 outsize=5627 ok=1
Cmd: preprocessCompute
  insize=5617 outsize=5619 ok=1
Cmd: preprocess
  insize=18508 outsize=429 ok=1
Cmd: preprocessCompute
  insize=1627 outsize=1629 ok=1
Cmd: preprocessCompute
  insize=5625 outsize=5627 ok=1
Cmd: preprocessCompute
  insize=5617 outsize=5619 ok=1
Cmd: preprocess
  insize=18615 outsize=429 ok=1
Cmd: preprocessCompute
  insize=1627 outsize=1629 ok=1
Cmd: preprocessCompute
  insize=5625 outsize=5627 ok=1
Cmd: preprocessCompute
  insize=5617 outsize=5619 ok=1
Cmd: preprocess
  insize=18615 outsize=429 ok=1
Cmd: preprocessCompute
  insize=1627 outsize=1629 ok=1
Cmd: preprocessCompute
  insize=5625 outsize=5627 ok=1
Cmd: preprocessCompute
  insize=5617 outsize=5619 ok=1
Cmd: preprocess
  insize=18615 outsize=429 ok=1
Cmd: preprocessCompute
  insize=1627 outsize=1629 ok=1
Cmd: preprocessCompute
  insize=5625 outsize=5627 ok=1
Cmd: preprocessCompute
  insize=5617 outsize=5619 ok=1
Cmd: preprocess
  insize=18746 outsize=429 ok=1
Cmd: preprocessCompute
  insize=1627 outsize=1629 ok=1
Cmd: preprocessCompute
  insize=5625 outsize=5627 ok=1
Cmd: preprocessCompute
  insize=5617 outsize=5619 ok=1
Cmd: preprocess
  insize=18746 outsize=429 ok=1
Cmd: preprocessCompute
  insize=1627 outsize=1629 ok=1
Cmd: preprocessCompute
  insize=5625 outsize=5627 ok=1
Cmd: preprocessCompute
  insize=5617 outsize=5619 ok=1
Cmd: preprocess
  insize=18746 outsize=429 ok=1
Cmd: preprocessCompute
  insize=1627 outsize=1629 ok=1
Cmd: compileSnippet
  api=4 type=0 insize=2907 outsize=486 kw= pd=UNITY_ENABLE_REFLECTION_BUFFERS UNITY_USE_DITHER_MASK_FOR_ALPHABLENDED_SHADOWS UNITY_PBS_USE_BRDF1 UNITY_SPECCUBE_BOX_PROJECTION UNITY_SPECCUBE_BLENDING UNITY_ENABLE_DETAIL_NORMALMAP SHADER_API_DESKTOP UNITY_HARDWARE_TIER3 UNITY_LIGHT_PROBE_PROXY_VOLUME UNITY_LIGHTMAP_RGBM_ENCODING ok=1
Cmd: compileSnippet
  api=4 type=1 insize=2907 outsize=758 kw= pd=UNITY_ENABLE_REFLECTION_BUFFERS UNITY_USE_DITHER_MASK_FOR_ALPHABLENDED_SHADOWS UNITY_PBS_USE_BRDF1 UNITY_SPECCUBE_BOX_PROJECTION UNITY_SPECCUBE_BLENDING UNITY_ENABLE_DETAIL_NORMALMAP SHADER_API_DESKTOP UNITY_HARDWARE_TIER3 UNITY_LIGHT_PROBE_PROXY_VOLUME UNITY_LIGHTMAP_RGBM_ENCODING ok=1
Cmd: compileSnippet
  api=4 type=0 insize=3109 outsize=486 kw= pd=UNITY_ENABLE_REFLECTION_BUFFERS UNITY_USE_DITHER_MASK_FOR_ALPHABLENDED_SHADOWS UNITY_PBS_USE_BRDF1 UNITY_SPECCUBE_BOX_PROJECTION UNITY_SPECCUBE_BLENDING UNITY_ENABLE_DETAIL_NORMALMAP SHADER_API_DESKTOP UNITY_HARDWARE_TIER3 UNITY_LIGHT_PROBE_PROXY_VOLUME UNITY_LIGHTMAP_RGBM_ENCODING ok=1
Cmd: compileSnippet
  api=4 type=1 insize=3109 outsize=650 kw= pd=UNITY_ENABLE_REFLECTION_BUFFERS UNITY_USE_DITHER_MASK_FOR_ALPHABLENDED_SHADOWS UNITY_PBS_USE_BRDF1 UNITY_SPECCUBE_BOX_PROJECTION UNITY_SPECCUBE_BLENDING UNITY_ENABLE_DETAIL_NORMALMAP SHADER_API_DESKTOP UNITY_HARDWARE_TIER3 UNITY_LIGHT_PROBE_PROXY_VOLUME UNITY_LIGHTMAP_RGBM_ENCODING ok=1
Cmd: preprocessCompute
  insize=5625 outsize=5627 ok=1
Cmd: preprocessCompute
  insize=5617 outsize=5619 ok=1
Cmd: preprocess
  insize=18755 outsize=429 ok=1
Cmd: preprocessCompute
  insize=1627 outsize=1629 ok=1
Cmd: preprocessCompute
  insize=5625 outsize=5627 ok=1
Cmd: preprocessCompute
  insize=5617 outsize=5619 ok=1
Cmd: preprocess
  insize=18755 outsize=429 ok=1
Cmd: preprocessCompute
  insize=5540 outsize=5542 ok=1
Cmd: compileComputeKernel
  api=4 insize=5542 outsize=2549 ok=1
Cmd: preprocessCompute
  insize=4941 outsize=4943 ok=1
Cmd: preprocess
  insize=10608 outsize=416 ok=1
Cmd: preprocessCompute
  insize=1627 outsize=1629 ok=1
Cmd: preprocessCompute
  insize=5625 outsize=5627 ok=1
Cmd: preprocessCompute
  insize=5617 outsize=5619 ok=1
Cmd: preprocess
  insize=18755 outsize=429 ok=1
Cmd: preprocessCompute
  insize=5536 outsize=5538 ok=1
Cmd: preprocessCompute
  insize=4937 outsize=4939 ok=1
Cmd: preprocess
  insize=10604 outsize=416 ok=1
Cmd: preprocessCompute
  insize=1627 outsize=1629 ok=1
Cmd: preprocessCompute
  insize=5625 outsize=5627 ok=1
Cmd: preprocessCompute
  insize=5617 outsize=5619 ok=1
Cmd: preprocess
  insize=18755 outsize=429 ok=1
Cmd: preprocessCompute
  insize=5314 outsize=5316 ok=1
Cmd: compileComputeKernel
  api=4 insize=5316 outsize=2433 ok=1
Cmd: preprocessCompute
  insize=2790 outsize=2792 ok=1
Cmd: preprocess
  insize=10526 outsize=416 ok=1
Cmd: preprocessCompute
  insize=1627 outsize=1629 ok=1
Cmd: preprocessCompute
  insize=5625 outsize=5627 ok=1
Cmd: preprocessCompute
  insize=5617 outsize=5619 ok=1
Cmd: preprocess
  insize=18755 outsize=429 ok=1
Cmd: preprocessCompute
  insize=5880 outsize=5882 ok=1
Cmd: preprocessCompute
  insize=3552 outsize=3554 ok=1
Cmd: preprocess
  insize=10608 outsize=416 ok=1
Cmd: preprocessCompute
  insize=1627 outsize=1629 ok=1
Cmd: preprocessCompute
  insize=5625 outsize=5627 ok=1
Cmd: preprocessCompute
  insize=5617 outsize=5619 ok=1
Cmd: preprocess
  insize=18755 outsize=429 ok=1
Cmd: preprocessCompute
  insize=5876 outsize=5878 ok=1
Cmd: preprocessCompute
  insize=4146 outsize=4148 ok=1
Cmd: preprocess
  insize=10604 outsize=416 ok=1
Cmd: preprocessCompute
  insize=1627 outsize=1629 ok=1
Cmd: preprocessCompute
  insize=5625 outsize=5627 ok=1
Cmd: preprocessCompute
  insize=5617 outsize=5619 ok=1
Cmd: preprocess
  insize=18755 outsize=429 ok=1
Cmd: preprocessCompute
  insize=5876 outsize=5878 ok=1
Cmd: preprocessCompute
  insize=4936 outsize=4938 ok=1
Cmd: compileComputeKernel
  error: 1 plat 4 at Effect.vfx(53): comma expression used where a vector constructor may have been intended
  api=4 insize=4938 outsize=1789 ok=1
Cmd: preprocess
  insize=10604 outsize=414 ok=1
Cmd: preprocessCompute
  insize=1627 outsize=1629 ok=1
Cmd: preprocessCompute
  insize=5625 outsize=5627 ok=1
Cmd: preprocessCompute
  insize=5617 outsize=5619 ok=1
Cmd: preprocess
  insize=18755 outsize=429 ok=1
Cmd: preprocessCompute
  insize=5876 outsize=5878 ok=1
Cmd: preprocessCompute
  insize=4936 outsize=4938 ok=1
Cmd: preprocess
  insize=10854 outsize=416 ok=1
Cmd: preprocessCompute
  insize=1627 outsize=1629 ok=1
Cmd: preprocessCompute
  insize=5625 outsize=5627 ok=1
Cmd: preprocessCompute
  insize=5617 outsize=5619 ok=1
Cmd: preprocess
  insize=18755 outsize=429 ok=1
Cmd: preprocessCompute
  insize=5876 outsize=5878 ok=1
Cmd: preprocessCompute
  insize=5930 outsize=5932 ok=1
Cmd: preprocess
  insize=10854 outsize=416 ok=1
Cmd: preprocessCompute
  insize=1627 outsize=1629 ok=1
Cmd: preprocessCompute
  insize=5625 outsize=5627 ok=1
Cmd: preprocessCompute
  insize=5617 outsize=5619 ok=1
Cmd: preprocess
  insize=18755 outsize=429 ok=1
Cmd: preprocessCompute
  insize=5876 outsize=5878 ok=1
Cmd: preprocessCompute
  insize=5856 outsize=5858 ok=1
Cmd: preprocess
  insize=10854 outsize=416 ok=1
Cmd: preprocessCompute
  insize=1627 outsize=1629 ok=1
Cmd: preprocessCompute
  insize=5625 outsize=5627 ok=1
Cmd: preprocessCompute
  insize=5617 outsize=5619 ok=1
Cmd: preprocess
  insize=18755 outsize=429 ok=1
Cmd: preprocessCompute
  insize=5876 outsize=5878 ok=1
Cmd: preprocessCompute
  insize=5856 outsize=5858 ok=1
Cmd: preprocess
  insize=10854 outsize=416 ok=1
Cmd: preprocessCompute
  insize=1627 outsize=1629 ok=1
Cmd: preprocessCompute
  insize=5625 outsize=5627 ok=1
Cmd: preprocessCompute
  insize=5617 outsize=5619 ok=1
Cmd: preprocess
  insize=18755 outsize=429 ok=1
Cmd: preprocessCompute
  insize=5876 outsize=5878 ok=1
Cmd: preprocessCompute
  insize=5856 outsize=5858 ok=1
Cmd: preprocess
  insize=10854 outsize=416 ok=1
Cmd: preprocessCompute
  insize=1627 outsize=1629 ok=1
Cmd: preprocessCompute
  insize=5625 outsize=5627 ok=1
Cmd: preprocessCompute
  insize=5617 outsize=5619 ok=1
Cmd: preprocess
  insize=18755 outsize=429 ok=1
Cmd: preprocessCompute
  insize=5876 outsize=5878 ok=1
Cmd: preprocessCompute
  insize=5856 outsize=5858 ok=1
Cmd: preprocess
  insize=10854 outsize=416 ok=1
Cmd: preprocessCompute
  insize=1627 outsize=1629 ok=1
Cmd: preprocessCompute
  insize=5588 outsize=5590 ok=1
Cmd: preprocessCompute
  insize=5595 outsize=5597 ok=1
Cmd: preprocess
  insize=19280 outsize=429 ok=1
Cmd: preprocessCompute
  insize=5704 outsize=5706 ok=1
Cmd: preprocessCompute
  insize=5773 outsize=5775 ok=1
Cmd: preprocess
  insize=10874 outsize=416 ok=1
Cmd: preprocessCompute
  insize=1627 outsize=1629 ok=1
Cmd: preprocessCompute
  insize=5625 outsize=5627 ok=1
Cmd: preprocessCompute
  insize=5617 outsize=5619 ok=1
Cmd: preprocess
  insize=18755 outsize=429 ok=1
Cmd: preprocessCompute
  insize=5876 outsize=5878 ok=1
Cmd: preprocessCompute
  insize=5856 outsize=5858 ok=1
Cmd: preprocess
  insize=10854 outsize=416 ok=1
Cmd: preprocessCompute
  insize=1627 outsize=1629 ok=1
Cmd: preprocessCompute
  insize=5625 outsize=5627 ok=1
Cmd: preprocessCompute
  insize=5617 outsize=5619 ok=1
Cmd: preprocess
  insize=18639 outsize=429 ok=1
Cmd: preprocessCompute
  insize=5876 outsize=5878 ok=1
Cmd: preprocessCompute
  insize=5856 outsize=5858 ok=1
Cmd: preprocess
  insize=10854 outsize=416 ok=1
Cmd: preprocessCompute
  insize=1627 outsize=1629 ok=1
Cmd: preprocessCompute
  insize=5588 outsize=5590 ok=1
Cmd: preprocessCompute
  insize=5595 outsize=5597 ok=1
Cmd: preprocess
  insize=19163 outsize=429 ok=1
Cmd: preprocessCompute
  insize=5704 outsize=5706 ok=1
Cmd: preprocessCompute
  insize=5773 outsize=5775 ok=1
Cmd: preprocess
  insize=10874 outsize=416 ok=1
Cmd: preprocessCompute
  insize=1627 outsize=1629 ok=1
Cmd: preprocessCompute
  insize=5588 outsize=5590 ok=1
Cmd: preprocessCompute
  insize=5595 outsize=5597 ok=1
Cmd: preprocess
  insize=19163 outsize=429 ok=1
Cmd: preprocessCompute
  insize=5704 outsize=5706 ok=1
Cmd: preprocessCompute
  insize=5773 outsize=5775 ok=1
Cmd: preprocess
  insize=10874 outsize=416 ok=1
Cmd: preprocessCompute
  insize=1627 outsize=1629 ok=1
